C:\USERS\THIBA\GIT_PROJECTS\PROJETMATRICES\PROJETMATRICES\PROJETMATRICES\DEBUG\CEXCEPTION.OBJ
C:\USERS\THIBA\GIT_PROJECTS\PROJETMATRICES\PROJETMATRICES\PROJETMATRICES\DEBUG\PROJETMATRICES.OBJ
C:\USERS\THIBA\GIT_PROJECTS\PROJETMATRICES\PROJETMATRICES\PROJETMATRICES\DEBUG\STDAFX.OBJ
C:\USERS\THIBA\GIT_PROJECTS\PROJETMATRICES\PROJETMATRICES\PROJETMATRICES\DEBUG\VC110.PDB
C:\USERS\THIBA\GIT_PROJECTS\PROJETMATRICES\PROJETMATRICES\DEBUG\PROJETMATRICES.ILK
C:\USERS\THIBA\GIT_PROJECTS\PROJETMATRICES\PROJETMATRICES\DEBUG\PROJETMATRICES.EXE
C:\USERS\THIBA\GIT_PROJECTS\PROJETMATRICES\PROJETMATRICES\DEBUG\PROJETMATRICES.PDB
C:\Users\thiba\git_projects\projetMatrices\projetMatrices\projetMatrices\Debug\Cexception.obj
C:\Users\thiba\git_projects\projetMatrices\projetMatrices\projetMatrices\Debug\projetMatrices.obj
C:\Users\thiba\git_projects\projetMatrices\projetMatrices\projetMatrices\Debug\stdafx.obj
C:\Users\thiba\git_projects\projetMatrices\projetMatrices\projetMatrices\Debug\cl.command.1.tlog
C:\Users\thiba\git_projects\projetMatrices\projetMatrices\projetMatrices\Debug\CL.read.1.tlog
C:\Users\thiba\git_projects\projetMatrices\projetMatrices\projetMatrices\Debug\CL.write.1.tlog
C:\Users\thiba\git_projects\projetMatrices\projetMatrices\projetMatrices\Debug\link-cvtres.read.1.tlog
C:\Users\thiba\git_projects\projetMatrices\projetMatrices\projetMatrices\Debug\link-cvtres.write.1.tlog
C:\Users\thiba\git_projects\projetMatrices\projetMatrices\projetMatrices\Debug\link-rc.read.1.tlog
C:\Users\thiba\git_projects\projetMatrices\projetMatrices\projetMatrices\Debug\link-rc.write.1.tlog
C:\Users\thiba\git_projects\projetMatrices\projetMatrices\projetMatrices\Debug\link.command.1.tlog
C:\Users\thiba\git_projects\projetMatrices\projetMatrices\projetMatrices\Debug\link.read.1.tlog
C:\Users\thiba\git_projects\projetMatrices\projetMatrices\projetMatrices\Debug\link.write.1.tlog
C:\Users\thiba\git_projects\projetMatrices\projetMatrices\projetMatrices\Debug\vc110.idb
C:\Users\thiba\git_projects\projetMatrices\projetMatrices\projetMatrices\Debug\vc110.pdb
C:\Users\thiba\git_projects\projetMatrices\projetMatrices\Debug\projetMatrices.pdb
C:\Users\thiba\git_projects\projetMatrices\projetMatrices\Debug\projetMatrices.exe
C:\Users\thiba\git_projects\projetMatrices\projetMatrices\Debug\projetMatrices.ilk
